<?xml version="1.0" encoding="UTF-8"?>
<testsuite name="shrpas2.models.QuestionsTest" tests="2" skipped="0" failures="0" errors="0" timestamp="2017-05-01T05:38:07" hostname="localhost.localdomain" time="0.013">
  <properties/>
  <testcase name="getAssessmentID" classname="shrpas2.models.QuestionsTest" time="0.005"/>
  <testcase name="getQuestionsID" classname="shrpas2.models.QuestionsTest" time="0.007"/>
  <system-out><![CDATA[2017-05-01 00:38:07.808  INFO 12321 --- [    Test worker] .b.t.c.SpringBootTestContextBootstrapper : Neither @ContextConfiguration nor @ContextHierarchy found for test class [shrpas2.models.QuestionsTest], using SpringBootContextLoader
2017-05-01 00:38:07.809  INFO 12321 --- [    Test worker] o.s.t.c.support.AbstractContextLoader    : Could not detect default resource locations for test class [shrpas2.models.QuestionsTest]: no resource found for suffixes {-context.xml, Context.groovy}.
2017-05-01 00:38:07.810  INFO 12321 --- [    Test worker] t.c.s.AnnotationConfigContextLoaderUtils : Could not detect default configuration classes for test class [shrpas2.models.QuestionsTest]: QuestionsTest does not declare any static, non-private, non-final, nested classes annotated with @Configuration.
2017-05-01 00:38:07.822  INFO 12321 --- [    Test worker] .b.t.c.SpringBootTestContextBootstrapper : Found @SpringBootConfiguration shrpas2.Application for test class shrpas2.models.QuestionsTest
2017-05-01 00:38:07.826  INFO 12321 --- [    Test worker] .b.t.c.SpringBootTestContextBootstrapper : Loaded default TestExecutionListener class names from location [META-INF/spring.factories]: [org.springframework.boot.test.mock.mockito.MockitoTestExecutionListener, org.springframework.boot.test.mock.mockito.ResetMocksTestExecutionListener, org.springframework.boot.test.autoconfigure.restdocs.RestDocsTestExecutionListener, org.springframework.boot.test.autoconfigure.web.client.MockRestServiceServerResetTestExecutionListener, org.springframework.boot.test.autoconfigure.web.servlet.MockMvcPrintOnlyOnFailureTestExecutionListener, org.springframework.boot.test.autoconfigure.web.servlet.WebDriverTestExecutionListener, org.springframework.test.context.web.ServletTestExecutionListener, org.springframework.test.context.support.DirtiesContextBeforeModesTestExecutionListener, org.springframework.test.context.support.DependencyInjectionTestExecutionListener, org.springframework.test.context.support.DirtiesContextTestExecutionListener, org.springframework.test.context.transaction.TransactionalTestExecutionListener, org.springframework.test.context.jdbc.SqlScriptsTestExecutionListener]
2017-05-01 00:38:07.830  INFO 12321 --- [    Test worker] .b.t.c.SpringBootTestContextBootstrapper : Using TestExecutionListeners: [org.springframework.test.context.web.ServletTestExecutionListener@15f1d8e6, org.springframework.test.context.support.DirtiesContextBeforeModesTestExecutionListener@78a473bf, org.springframework.boot.test.autoconfigure.SpringBootDependencyInjectionTestExecutionListener@346b73b9, org.springframework.test.context.support.DirtiesContextTestExecutionListener@181cd643, org.springframework.test.context.transaction.TransactionalTestExecutionListener@3b10b4e, org.springframework.test.context.jdbc.SqlScriptsTestExecutionListener@5853a90c, org.springframework.boot.test.autoconfigure.web.servlet.MockMvcPrintOnlyOnFailureTestExecutionListener@374aef04, org.springframework.boot.test.mock.mockito.ResetMocksTestExecutionListener@491a9960, org.springframework.boot.test.autoconfigure.restdocs.RestDocsTestExecutionListener@42fa0076, org.springframework.boot.test.autoconfigure.web.client.MockRestServiceServerResetTestExecutionListener@724daec, org.springframework.boot.test.mock.mockito.MockitoTestExecutionListener@67f637c3, org.springframework.boot.test.autoconfigure.web.servlet.WebDriverTestExecutionListener@7aba73c4]
]]></system-out>
  <system-err><![CDATA[]]></system-err>
</testsuite>
