<?xml version="1.0" encoding="UTF-8"?>
<testsuite name="shrpas2.models.UserTest" tests="5" skipped="0" failures="0" errors="0" timestamp="2017-05-01T05:38:07" hostname="localhost.localdomain" time="0.059">
  <properties/>
  <testcase name="setUserPhotoPath" classname="shrpas2.models.UserTest" time="0.006"/>
  <testcase name="setUserPassword" classname="shrpas2.models.UserTest" time="0.011"/>
  <testcase name="setUserId" classname="shrpas2.models.UserTest" time="0.007"/>
  <testcase name="setUserName" classname="shrpas2.models.UserTest" time="0.018"/>
  <testcase name="setUserEmail" classname="shrpas2.models.UserTest" time="0.005"/>
  <system-out><![CDATA[2017-05-01 00:38:07.713  INFO 12321 --- [    Test worker] .b.t.c.SpringBootTestContextBootstrapper : Neither @ContextConfiguration nor @ContextHierarchy found for test class [shrpas2.models.UserTest], using SpringBootContextLoader
2017-05-01 00:38:07.714  INFO 12321 --- [    Test worker] o.s.t.c.support.AbstractContextLoader    : Could not detect default resource locations for test class [shrpas2.models.UserTest]: no resource found for suffixes {-context.xml, Context.groovy}.
2017-05-01 00:38:07.715  INFO 12321 --- [    Test worker] t.c.s.AnnotationConfigContextLoaderUtils : Could not detect default configuration classes for test class [shrpas2.models.UserTest]: UserTest does not declare any static, non-private, non-final, nested classes annotated with @Configuration.
2017-05-01 00:38:07.730  INFO 12321 --- [    Test worker] .b.t.c.SpringBootTestContextBootstrapper : Found @SpringBootConfiguration shrpas2.Application for test class shrpas2.models.UserTest
2017-05-01 00:38:07.739  INFO 12321 --- [    Test worker] .b.t.c.SpringBootTestContextBootstrapper : Loaded default TestExecutionListener class names from location [META-INF/spring.factories]: [org.springframework.boot.test.mock.mockito.MockitoTestExecutionListener, org.springframework.boot.test.mock.mockito.ResetMocksTestExecutionListener, org.springframework.boot.test.autoconfigure.restdocs.RestDocsTestExecutionListener, org.springframework.boot.test.autoconfigure.web.client.MockRestServiceServerResetTestExecutionListener, org.springframework.boot.test.autoconfigure.web.servlet.MockMvcPrintOnlyOnFailureTestExecutionListener, org.springframework.boot.test.autoconfigure.web.servlet.WebDriverTestExecutionListener, org.springframework.test.context.web.ServletTestExecutionListener, org.springframework.test.context.support.DirtiesContextBeforeModesTestExecutionListener, org.springframework.test.context.support.DependencyInjectionTestExecutionListener, org.springframework.test.context.support.DirtiesContextTestExecutionListener, org.springframework.test.context.transaction.TransactionalTestExecutionListener, org.springframework.test.context.jdbc.SqlScriptsTestExecutionListener]
2017-05-01 00:38:07.742  INFO 12321 --- [    Test worker] .b.t.c.SpringBootTestContextBootstrapper : Using TestExecutionListeners: [org.springframework.test.context.web.ServletTestExecutionListener@42370e97, org.springframework.test.context.support.DirtiesContextBeforeModesTestExecutionListener@7d4561d3, org.springframework.boot.test.autoconfigure.SpringBootDependencyInjectionTestExecutionListener@5c1d7676, org.springframework.test.context.support.DirtiesContextTestExecutionListener@7fd42673, org.springframework.test.context.transaction.TransactionalTestExecutionListener@56dcca8, org.springframework.test.context.jdbc.SqlScriptsTestExecutionListener@53f07e2f, org.springframework.boot.test.autoconfigure.web.servlet.MockMvcPrintOnlyOnFailureTestExecutionListener@64e90ce1, org.springframework.boot.test.mock.mockito.ResetMocksTestExecutionListener@3a5059b1, org.springframework.boot.test.autoconfigure.restdocs.RestDocsTestExecutionListener@5133dadf, org.springframework.boot.test.autoconfigure.web.client.MockRestServiceServerResetTestExecutionListener@162d7d0, org.springframework.boot.test.mock.mockito.MockitoTestExecutionListener@2dc05d19, org.springframework.boot.test.autoconfigure.web.servlet.WebDriverTestExecutionListener@15e514c1]
]]></system-out>
  <system-err><![CDATA[]]></system-err>
</testsuite>
