<?xml version="1.0" encoding="UTF-8"?>
<testsuite name="shrpas2.APIControllerTest" tests="4" skipped="0" failures="0" errors="0" timestamp="2017-05-01T05:38:08" hostname="localhost.localdomain" time="4.69">
  <properties/>
  <testcase name="GetQuizTest" classname="shrpas2.APIControllerTest" time="0.168"/>
  <testcase name="PostAnwsersTest" classname="shrpas2.APIControllerTest" time="1.562"/>
  <testcase name="postProfile" classname="shrpas2.APIControllerTest" time="2.201"/>
  <testcase name="getProfile" classname="shrpas2.APIControllerTest" time="0.756"/>
  <system-out><![CDATA[2017-05-01 00:38:08.447  INFO 12321 --- [    Test worker] .b.t.c.SpringBootTestContextBootstrapper : Neither @ContextConfiguration nor @ContextHierarchy found for test class [shrpas2.APIControllerTest], using SpringBootContextLoader
2017-05-01 00:38:08.448  INFO 12321 --- [    Test worker] o.s.t.c.support.AbstractContextLoader    : Could not detect default resource locations for test class [shrpas2.APIControllerTest]: no resource found for suffixes {-context.xml, Context.groovy}.
2017-05-01 00:38:08.448  INFO 12321 --- [    Test worker] t.c.s.AnnotationConfigContextLoaderUtils : Could not detect default configuration classes for test class [shrpas2.APIControllerTest]: APIControllerTest does not declare any static, non-private, non-final, nested classes annotated with @Configuration.
2017-05-01 00:38:08.451  INFO 12321 --- [    Test worker] .b.t.c.SpringBootTestContextBootstrapper : Found @SpringBootConfiguration shrpas2.Application for test class shrpas2.APIControllerTest
2017-05-01 00:38:08.454  INFO 12321 --- [    Test worker] .b.t.c.SpringBootTestContextBootstrapper : Loaded default TestExecutionListener class names from location [META-INF/spring.factories]: [org.springframework.boot.test.mock.mockito.MockitoTestExecutionListener, org.springframework.boot.test.mock.mockito.ResetMocksTestExecutionListener, org.springframework.boot.test.autoconfigure.restdocs.RestDocsTestExecutionListener, org.springframework.boot.test.autoconfigure.web.client.MockRestServiceServerResetTestExecutionListener, org.springframework.boot.test.autoconfigure.web.servlet.MockMvcPrintOnlyOnFailureTestExecutionListener, org.springframework.boot.test.autoconfigure.web.servlet.WebDriverTestExecutionListener, org.springframework.test.context.web.ServletTestExecutionListener, org.springframework.test.context.support.DirtiesContextBeforeModesTestExecutionListener, org.springframework.test.context.support.DependencyInjectionTestExecutionListener, org.springframework.test.context.support.DirtiesContextTestExecutionListener, org.springframework.test.context.transaction.TransactionalTestExecutionListener, org.springframework.test.context.jdbc.SqlScriptsTestExecutionListener]
2017-05-01 00:38:08.456  INFO 12321 --- [    Test worker] .b.t.c.SpringBootTestContextBootstrapper : Using TestExecutionListeners: [org.springframework.test.context.web.ServletTestExecutionListener@248318df, org.springframework.test.context.support.DirtiesContextBeforeModesTestExecutionListener@5b378a4e, org.springframework.boot.test.autoconfigure.SpringBootDependencyInjectionTestExecutionListener@1d133285, org.springframework.test.context.support.DirtiesContextTestExecutionListener@2cbdbdd8, org.springframework.test.context.transaction.TransactionalTestExecutionListener@10440d70, org.springframework.test.context.jdbc.SqlScriptsTestExecutionListener@774690cc, org.springframework.boot.test.autoconfigure.web.servlet.MockMvcPrintOnlyOnFailureTestExecutionListener@734503bb, org.springframework.boot.test.mock.mockito.ResetMocksTestExecutionListener@32573376, org.springframework.boot.test.autoconfigure.restdocs.RestDocsTestExecutionListener@24887c1, org.springframework.boot.test.autoconfigure.web.client.MockRestServiceServerResetTestExecutionListener@41cba7b4, org.springframework.boot.test.mock.mockito.MockitoTestExecutionListener@1a483ced, org.springframework.boot.test.autoconfigure.web.servlet.WebDriverTestExecutionListener@118f7051]
Hibernate: select userassess0_.userid as userid1_2_, userassess0_.assessmentid as assessme2_2_, userassess0_.finished as finished3_2_, userassess0_.score as score4_2_ from userassessment userassess0_ where userassess0_.userid=?
Hibernate: select questions0_.questionid as question1_0_, questions0_.assessmentid as assessme2_0_, questions0_.correctanswer as correcta3_0_, questions0_.hint as hint4_0_, questions0_.option1 as option5_0_, questions0_.option2 as option6_0_, questions0_.option3 as option7_0_, questions0_.option4 as option8_0_, questions0_.question as question9_0_ from questions questions0_ where questions0_.assessmentid=?
Hibernate: select userassess0_.userid as userid1_2_, userassess0_.assessmentid as assessme2_2_, userassess0_.finished as finished3_2_, userassess0_.score as score4_2_ from userassessment userassess0_ where userassess0_.userid=?
Hibernate: select questions0_.questionid as question1_0_, questions0_.assessmentid as assessme2_0_, questions0_.correctanswer as correcta3_0_, questions0_.hint as hint4_0_, questions0_.option1 as option5_0_, questions0_.option2 as option6_0_, questions0_.option3 as option7_0_, questions0_.option4 as option8_0_, questions0_.question as question9_0_ from questions questions0_ where questions0_.assessmentid=?
Hibernate: select user0_.userid as userid1_1_, user0_.useraddress as useraddr2_1_, user0_.useremail as useremai3_1_, user0_.userhomepage as userhome4_1_, user0_.username as username5_1_, user0_.userpass as userpass6_1_, user0_.userphone as userphon7_1_, user0_.userphotopath as userphot8_1_ from user user0_ where user0_.userid=?
Hibernate: select user0_.userid as userid1_1_, user0_.useraddress as useraddr2_1_, user0_.useremail as useremai3_1_, user0_.userhomepage as userhome4_1_, user0_.username as username5_1_, user0_.userpass as userpass6_1_, user0_.userphone as userphon7_1_, user0_.userphotopath as userphot8_1_ from user user0_ where user0_.userid=?
Hibernate: select user0_.userid as userid1_1_, user0_.useraddress as useraddr2_1_, user0_.useremail as useremai3_1_, user0_.userhomepage as userhome4_1_, user0_.username as username5_1_, user0_.userpass as userpass6_1_, user0_.userphone as userphon7_1_, user0_.userphotopath as userphot8_1_ from user user0_ where user0_.userid=?
]]></system-out>
  <system-err><![CDATA[]]></system-err>
</testsuite>
