<?xml version="1.0" encoding="UTF-8"?>
<testsuite name="shrpas2.QuestionTest" tests="8" skipped="0" failures="0" errors="0" timestamp="2017-05-01T05:37:27" hostname="localhost.localdomain" time="0.17">
  <properties/>
  <testcase name="setQuestionTest" classname="shrpas2.QuestionTest" time="0.121"/>
  <testcase name="setCorrectTest" classname="shrpas2.QuestionTest" time="0.013"/>
  <testcase name="setIdTest" classname="shrpas2.QuestionTest" time="0.009"/>
  <testcase name="getIdTest" classname="shrpas2.QuestionTest" time="0.003"/>
  <testcase name="setHintTest" classname="shrpas2.QuestionTest" time="0.004"/>
  <testcase name="getHintTest" classname="shrpas2.QuestionTest" time="0.004"/>
  <testcase name="getCorrectTest" classname="shrpas2.QuestionTest" time="0.004"/>
  <testcase name="getQuestionTest" classname="shrpas2.QuestionTest" time="0.003"/>
  <system-out><![CDATA[00:36:33.791 [Test worker] DEBUG org.springframework.test.context.junit4.SpringJUnit4ClassRunner - SpringJUnit4ClassRunner constructor called with [class shrpas2.QuestionTest]
00:36:33.813 [Test worker] DEBUG org.springframework.test.context.BootstrapUtils - Instantiating CacheAwareContextLoaderDelegate from class [org.springframework.test.context.cache.DefaultCacheAwareContextLoaderDelegate]
00:36:33.855 [Test worker] DEBUG org.springframework.test.context.BootstrapUtils - Instantiating BootstrapContext using constructor [public org.springframework.test.context.support.DefaultBootstrapContext(java.lang.Class,org.springframework.test.context.CacheAwareContextLoaderDelegate)]
00:36:33.906 [Test worker] DEBUG org.springframework.test.context.BootstrapUtils - Instantiating TestContextBootstrapper for test class [shrpas2.QuestionTest] from class [org.springframework.boot.test.context.SpringBootTestContextBootstrapper]
00:36:33.961 [Test worker] INFO org.springframework.boot.test.context.SpringBootTestContextBootstrapper - Neither @ContextConfiguration nor @ContextHierarchy found for test class [shrpas2.QuestionTest], using SpringBootContextLoader
00:36:33.972 [Test worker] DEBUG org.springframework.test.context.support.AbstractContextLoader - Did not detect default resource location for test class [shrpas2.QuestionTest]: class path resource [shrpas2/QuestionTest-context.xml] does not exist
00:36:33.974 [Test worker] DEBUG org.springframework.test.context.support.AbstractContextLoader - Did not detect default resource location for test class [shrpas2.QuestionTest]: class path resource [shrpas2/QuestionTestContext.groovy] does not exist
00:36:33.975 [Test worker] INFO org.springframework.test.context.support.AbstractContextLoader - Could not detect default resource locations for test class [shrpas2.QuestionTest]: no resource found for suffixes {-context.xml, Context.groovy}.
00:36:33.987 [Test worker] INFO org.springframework.test.context.support.AnnotationConfigContextLoaderUtils - Could not detect default configuration classes for test class [shrpas2.QuestionTest]: QuestionTest does not declare any static, non-private, non-final, nested classes annotated with @Configuration.
00:36:34.154 [Test worker] DEBUG org.springframework.test.context.support.ActiveProfilesUtils - Could not find an 'annotation declaring class' for annotation type [org.springframework.test.context.ActiveProfiles] and class [shrpas2.QuestionTest]
00:36:34.188 [Test worker] DEBUG org.springframework.core.env.StandardEnvironment - Adding [systemProperties] PropertySource with lowest search precedence
00:36:34.190 [Test worker] DEBUG org.springframework.core.env.StandardEnvironment - Adding [systemEnvironment] PropertySource with lowest search precedence
00:36:34.191 [Test worker] DEBUG org.springframework.core.env.StandardEnvironment - Initialized StandardEnvironment with PropertySources [systemProperties,systemEnvironment]
00:36:34.237 [Test worker] DEBUG org.springframework.core.io.support.PathMatchingResourcePatternResolver - Resolved classpath location [shrpas2/] to resources [URL [file:/home/rabbit/Media/UH/COSC4354/ne/sdp3/code/app/backend/build/classes/test/shrpas2/], URL [file:/home/rabbit/Media/UH/COSC4354/ne/sdp3/code/app/backend/build/classes/main/shrpas2/]]
00:36:34.238 [Test worker] DEBUG org.springframework.core.io.support.PathMatchingResourcePatternResolver - Looking for matching resources in directory tree [/home/rabbit/Media/UH/COSC4354/ne/sdp3/code/app/backend/build/classes/test/shrpas2]
00:36:34.238 [Test worker] DEBUG org.springframework.core.io.support.PathMatchingResourcePatternResolver - Searching directory [/home/rabbit/Media/UH/COSC4354/ne/sdp3/code/app/backend/build/classes/test/shrpas2] for files matching pattern [/home/rabbit/Media/UH/COSC4354/ne/sdp3/code/app/backend/build/classes/test/shrpas2/*.class]
00:36:34.246 [Test worker] DEBUG org.springframework.core.io.support.PathMatchingResourcePatternResolver - Looking for matching resources in directory tree [/home/rabbit/Media/UH/COSC4354/ne/sdp3/code/app/backend/build/classes/main/shrpas2]
00:36:34.247 [Test worker] DEBUG org.springframework.core.io.support.PathMatchingResourcePatternResolver - Searching directory [/home/rabbit/Media/UH/COSC4354/ne/sdp3/code/app/backend/build/classes/main/shrpas2] for files matching pattern [/home/rabbit/Media/UH/COSC4354/ne/sdp3/code/app/backend/build/classes/main/shrpas2/*.class]
00:36:34.248 [Test worker] DEBUG org.springframework.core.io.support.PathMatchingResourcePatternResolver - Resolved location pattern [classpath*:shrpas2/*.class] to resources [file [/home/rabbit/Media/UH/COSC4354/ne/sdp3/code/app/backend/build/classes/test/shrpas2/APIControllerTest$1.class], file [/home/rabbit/Media/UH/COSC4354/ne/sdp3/code/app/backend/build/classes/test/shrpas2/APIControllerTest$2.class], file [/home/rabbit/Media/UH/COSC4354/ne/sdp3/code/app/backend/build/classes/test/shrpas2/APIControllerTest$3.class], file [/home/rabbit/Media/UH/COSC4354/ne/sdp3/code/app/backend/build/classes/test/shrpas2/APIControllerTest.class], file [/home/rabbit/Media/UH/COSC4354/ne/sdp3/code/app/backend/build/classes/test/shrpas2/ApplicationTest.class], file [/home/rabbit/Media/UH/COSC4354/ne/sdp3/code/app/backend/build/classes/test/shrpas2/HomeControllerTest.class], file [/home/rabbit/Media/UH/COSC4354/ne/sdp3/code/app/backend/build/classes/test/shrpas2/QuestionRepoTest.class], file [/home/rabbit/Media/UH/COSC4354/ne/sdp3/code/app/backend/build/classes/test/shrpas2/QuestionTest.class], file [/home/rabbit/Media/UH/COSC4354/ne/sdp3/code/app/backend/build/classes/test/shrpas2/UserAssessmentRepoTest.class], file [/home/rabbit/Media/UH/COSC4354/ne/sdp3/code/app/backend/build/classes/test/shrpas2/UserRepoTest.class], file [/home/rabbit/Media/UH/COSC4354/ne/sdp3/code/app/backend/build/classes/main/shrpas2/Application.class]]
00:36:34.411 [Test worker] DEBUG org.springframework.context.annotation.ClassPathScanningCandidateComponentProvider - Identified candidate component class: file [/home/rabbit/Media/UH/COSC4354/ne/sdp3/code/app/backend/build/classes/main/shrpas2/Application.class]
00:36:34.413 [Test worker] INFO org.springframework.boot.test.context.SpringBootTestContextBootstrapper - Found @SpringBootConfiguration shrpas2.Application for test class shrpas2.QuestionTest
00:36:34.419 [Test worker] DEBUG org.springframework.boot.test.context.SpringBootTestContextBootstrapper - @TestExecutionListeners is not present for class [shrpas2.QuestionTest]: using defaults.
00:36:34.427 [Test worker] INFO org.springframework.boot.test.context.SpringBootTestContextBootstrapper - Loaded default TestExecutionListener class names from location [META-INF/spring.factories]: [org.springframework.boot.test.mock.mockito.MockitoTestExecutionListener, org.springframework.boot.test.mock.mockito.ResetMocksTestExecutionListener, org.springframework.boot.test.autoconfigure.restdocs.RestDocsTestExecutionListener, org.springframework.boot.test.autoconfigure.web.client.MockRestServiceServerResetTestExecutionListener, org.springframework.boot.test.autoconfigure.web.servlet.MockMvcPrintOnlyOnFailureTestExecutionListener, org.springframework.boot.test.autoconfigure.web.servlet.WebDriverTestExecutionListener, org.springframework.test.context.web.ServletTestExecutionListener, org.springframework.test.context.support.DirtiesContextBeforeModesTestExecutionListener, org.springframework.test.context.support.DependencyInjectionTestExecutionListener, org.springframework.test.context.support.DirtiesContextTestExecutionListener, org.springframework.test.context.transaction.TransactionalTestExecutionListener, org.springframework.test.context.jdbc.SqlScriptsTestExecutionListener]
00:36:34.521 [Test worker] INFO org.springframework.boot.test.context.SpringBootTestContextBootstrapper - Using TestExecutionListeners: [org.springframework.test.context.web.ServletTestExecutionListener@72ff6cd3, org.springframework.test.context.support.DirtiesContextBeforeModesTestExecutionListener@6894c300, org.springframework.boot.test.autoconfigure.SpringBootDependencyInjectionTestExecutionListener@5ef42948, org.springframework.test.context.support.DirtiesContextTestExecutionListener@19634b01, org.springframework.test.context.transaction.TransactionalTestExecutionListener@1073350a, org.springframework.test.context.jdbc.SqlScriptsTestExecutionListener@5eb178c7, org.springframework.boot.test.autoconfigure.web.servlet.MockMvcPrintOnlyOnFailureTestExecutionListener@2170a430, org.springframework.boot.test.mock.mockito.ResetMocksTestExecutionListener@22c8d85c, org.springframework.boot.test.autoconfigure.restdocs.RestDocsTestExecutionListener@2b9a726a, org.springframework.boot.test.autoconfigure.web.client.MockRestServiceServerResetTestExecutionListener@7e38409e, org.springframework.boot.test.mock.mockito.MockitoTestExecutionListener@5acd2a4d, org.springframework.boot.test.autoconfigure.web.servlet.WebDriverTestExecutionListener@3e231370]
00:36:34.528 [Test worker] DEBUG org.springframework.test.annotation.ProfileValueUtils - Retrieved @ProfileValueSourceConfiguration [null] for test class [shrpas2.QuestionTest]
00:36:34.529 [Test worker] DEBUG org.springframework.test.annotation.ProfileValueUtils - Retrieved ProfileValueSource type [class org.springframework.test.annotation.SystemProfileValueSource] for class [shrpas2.QuestionTest]
00:36:34.531 [Test worker] DEBUG org.springframework.test.annotation.ProfileValueUtils - Retrieved @ProfileValueSourceConfiguration [null] for test class [shrpas2.QuestionTest]
00:36:34.532 [Test worker] DEBUG org.springframework.test.annotation.ProfileValueUtils - Retrieved ProfileValueSource type [class org.springframework.test.annotation.SystemProfileValueSource] for class [shrpas2.QuestionTest]
00:36:34.544 [Test worker] DEBUG org.springframework.test.context.support.AbstractDirtiesContextTestExecutionListener - Before test class: context [DefaultTestContext@411cc720 testClass = QuestionTest, testInstance = [null], testMethod = [null], testException = [null], mergedContextConfiguration = [WebMergedContextConfiguration@f7735fb testClass = QuestionTest, locations = '{}', classes = '{class shrpas2.Application}', contextInitializerClasses = '[]', activeProfiles = '{}', propertySourceLocations = '{}', propertySourceProperties = '{org.springframework.boot.test.context.SpringBootTestContextBootstrapper=true, server.port=0}', contextCustomizers = set[org.springframework.boot.test.context.SpringBootTestContextCustomizer@1b4dcc65, org.springframework.boot.test.context.filter.ExcludeFilterContextCustomizer@75475afa, org.springframework.boot.test.mock.mockito.MockitoContextCustomizer@0, org.springframework.boot.test.autoconfigure.properties.PropertyMappingContextCustomizer@0, org.springframework.boot.test.autoconfigure.web.servlet.WebDriverContextCustomizerFactory$Customizer@6529485e], resourceBasePath = 'src/main/webapp', contextLoader = 'org.springframework.boot.test.context.SpringBootContextLoader', parent = [null]]], class annotated with @DirtiesContext [false] with mode [null].
00:36:34.547 [Test worker] DEBUG org.springframework.test.annotation.ProfileValueUtils - Retrieved @ProfileValueSourceConfiguration [null] for test class [shrpas2.QuestionTest]
00:36:34.548 [Test worker] DEBUG org.springframework.test.annotation.ProfileValueUtils - Retrieved ProfileValueSource type [class org.springframework.test.annotation.SystemProfileValueSource] for class [shrpas2.QuestionTest]
00:36:34.551 [Test worker] DEBUG org.springframework.test.context.support.DependencyInjectionTestExecutionListener - Performing dependency injection for test context [[DefaultTestContext@411cc720 testClass = QuestionTest, testInstance = shrpas2.QuestionTest@24ae0155, testMethod = [null], testException = [null], mergedContextConfiguration = [WebMergedContextConfiguration@f7735fb testClass = QuestionTest, locations = '{}', classes = '{class shrpas2.Application}', contextInitializerClasses = '[]', activeProfiles = '{}', propertySourceLocations = '{}', propertySourceProperties = '{org.springframework.boot.test.context.SpringBootTestContextBootstrapper=true, server.port=0}', contextCustomizers = set[org.springframework.boot.test.context.SpringBootTestContextCustomizer@1b4dcc65, org.springframework.boot.test.context.filter.ExcludeFilterContextCustomizer@75475afa, org.springframework.boot.test.mock.mockito.MockitoContextCustomizer@0, org.springframework.boot.test.autoconfigure.properties.PropertyMappingContextCustomizer@0, org.springframework.boot.test.autoconfigure.web.servlet.WebDriverContextCustomizerFactory$Customizer@6529485e], resourceBasePath = 'src/main/webapp', contextLoader = 'org.springframework.boot.test.context.SpringBootContextLoader', parent = [null]]]].
00:36:34.813 [Test worker] DEBUG org.springframework.core.env.StandardEnvironment - Adding [systemProperties] PropertySource with lowest search precedence
00:36:34.814 [Test worker] DEBUG org.springframework.core.env.StandardEnvironment - Adding [systemEnvironment] PropertySource with lowest search precedence
00:36:34.815 [Test worker] DEBUG org.springframework.core.env.StandardEnvironment - Initialized StandardEnvironment with PropertySources [systemProperties,systemEnvironment]
00:36:34.817 [Test worker] DEBUG org.springframework.test.context.support.TestPropertySourceUtils - Adding inlined properties to environment: {spring.jmx.enabled=false, org.springframework.boot.test.context.SpringBootTestContextBootstrapper=true, server.port=0}
00:36:34.818 [Test worker] DEBUG org.springframework.core.env.StandardEnvironment - Adding [Inlined Test Properties] PropertySource with highest search precedence

  .   ____          _            __ _ _
 /\\ / ___'_ __ _ _(_)_ __  __ _ \ \ \ \
( ( )\___ | '_ | '_| | '_ \/ _` | \ \ \ \
 \\/  ___)| |_)| | | | | || (_| |  ) ) ) )
  '  |____| .__|_| |_|_| |_\__, | / / / /
 =========|_|==============|___/=/_/_/_/
 :: Spring Boot ::        (v1.5.0.RELEASE)

2017-05-01 00:36:36.179  INFO 12321 --- [    Test worker] shrpas2.QuestionTest                     : Starting QuestionTest on localhost.localdomain with PID 12321 (started by rabbit in /home/rabbit/Media/UH/COSC4354/ne/sdp3/code/app/backend)
2017-05-01 00:36:36.181  INFO 12321 --- [    Test worker] shrpas2.QuestionTest                     : No active profile set, falling back to default profiles: default
2017-05-01 00:36:36.263  INFO 12321 --- [    Test worker] ationConfigEmbeddedWebApplicationContext : Refreshing org.springframework.boot.context.embedded.AnnotationConfigEmbeddedWebApplicationContext@6f79f1ca: startup date [Mon May 01 00:36:36 CDT 2017]; root of context hierarchy
2017-05-01 00:36:39.669  INFO 12321 --- [    Test worker] trationDelegate$BeanPostProcessorChecker : Bean 'org.springframework.boot.autoconfigure.validation.ValidationAutoConfiguration' of type [class org.springframework.boot.autoconfigure.validation.ValidationAutoConfiguration] is not eligible for getting processed by all BeanPostProcessors (for example: not eligible for auto-proxying)
2017-05-01 00:36:39.901  INFO 12321 --- [    Test worker] trationDelegate$BeanPostProcessorChecker : Bean 'validator' of type [class org.springframework.validation.beanvalidation.LocalValidatorFactoryBean] is not eligible for getting processed by all BeanPostProcessors (for example: not eligible for auto-proxying)
2017-05-01 00:36:39.935  INFO 12321 --- [    Test worker] trationDelegate$BeanPostProcessorChecker : Bean 'org.springframework.transaction.annotation.ProxyTransactionManagementConfiguration' of type [class org.springframework.transaction.annotation.ProxyTransactionManagementConfiguration$$EnhancerBySpringCGLIB$$e9e34a57] is not eligible for getting processed by all BeanPostProcessors (for example: not eligible for auto-proxying)
2017-05-01 00:36:40.762  INFO 12321 --- [    Test worker] s.b.c.e.t.TomcatEmbeddedServletContainer : Tomcat initialized with port(s): 0 (http)
2017-05-01 00:36:40.839  INFO 12321 --- [    Test worker] o.apache.catalina.core.StandardService   : Starting service Tomcat
2017-05-01 00:36:40.842  INFO 12321 --- [    Test worker] org.apache.catalina.core.StandardEngine  : Starting Servlet Engine: Apache Tomcat/8.5.11
2017-05-01 00:36:41.100  INFO 12321 --- [ost-startStop-1] o.a.c.c.C.[Tomcat].[localhost].[/]       : Initializing Spring embedded WebApplicationContext
2017-05-01 00:36:41.101  INFO 12321 --- [ost-startStop-1] o.s.web.context.ContextLoader            : Root WebApplicationContext: initialization completed in 4842 ms
2017-05-01 00:36:41.479  INFO 12321 --- [ost-startStop-1] o.s.b.w.servlet.FilterRegistrationBean   : Mapping filter: 'characterEncodingFilter' to: [/*]
2017-05-01 00:36:41.515  INFO 12321 --- [ost-startStop-1] o.s.b.w.servlet.FilterRegistrationBean   : Mapping filter: 'hiddenHttpMethodFilter' to: [/*]
2017-05-01 00:36:41.516  INFO 12321 --- [ost-startStop-1] o.s.b.w.servlet.FilterRegistrationBean   : Mapping filter: 'httpPutFormContentFilter' to: [/*]
2017-05-01 00:36:41.517  INFO 12321 --- [ost-startStop-1] o.s.b.w.servlet.FilterRegistrationBean   : Mapping filter: 'requestContextFilter' to: [/*]
2017-05-01 00:36:41.520  INFO 12321 --- [ost-startStop-1] o.s.b.w.servlet.FilterRegistrationBean   : Mapping filter: 'jwtFilter' to urls: [/api/*]
2017-05-01 00:36:41.521  INFO 12321 --- [ost-startStop-1] o.s.b.w.servlet.ServletRegistrationBean  : Mapping servlet: 'dispatcherServlet' to [/]
2017-05-01 00:37:08.325  INFO 12321 --- [    Test worker] j.LocalContainerEntityManagerFactoryBean : Building JPA container EntityManagerFactory for persistence unit 'default'
2017-05-01 00:37:08.384  INFO 12321 --- [    Test worker] o.hibernate.jpa.internal.util.LogHelper  : HHH000204: Processing PersistenceUnitInfo [
	name: default
	...]
2017-05-01 00:37:08.595  INFO 12321 --- [    Test worker] org.hibernate.Version                    : HHH000412: Hibernate Core {5.0.11.Final}
2017-05-01 00:37:08.598  INFO 12321 --- [    Test worker] org.hibernate.cfg.Environment            : HHH000206: hibernate.properties not found
2017-05-01 00:37:08.603  INFO 12321 --- [    Test worker] org.hibernate.cfg.Environment            : HHH000021: Bytecode provider name : javassist
2017-05-01 00:37:08.793  INFO 12321 --- [    Test worker] o.hibernate.annotations.common.Version   : HCANN000001: Hibernate Commons Annotations {5.0.1.Final}
2017-05-01 00:37:09.103  INFO 12321 --- [    Test worker] org.hibernate.dialect.Dialect            : HHH000400: Using dialect: org.hibernate.dialect.MySQL5InnoDBDialect
2017-05-01 00:37:10.197  INFO 12321 --- [    Test worker] org.hibernate.tool.hbm2ddl.SchemaUpdate  : HHH000228: Running hbm2ddl schema update
2017-05-01 00:37:25.368  INFO 12321 --- [    Test worker] j.LocalContainerEntityManagerFactoryBean : Initialized JPA EntityManagerFactory for persistence unit 'default'
2017-05-01 00:37:26.588  INFO 12321 --- [    Test worker] s.w.s.m.m.a.RequestMappingHandlerAdapter : Looking for @ControllerAdvice: org.springframework.boot.context.embedded.AnnotationConfigEmbeddedWebApplicationContext@6f79f1ca: startup date [Mon May 01 00:36:36 CDT 2017]; root of context hierarchy
2017-05-01 00:37:26.776  INFO 12321 --- [    Test worker] s.w.s.m.m.a.RequestMappingHandlerMapping : Mapped "{[/api/assessment/quiz/{userid}],methods=[POST]}" onto public java.lang.String shrpas2.controllers.APIController.postAnswers(java.lang.String,java.util.List<java.lang.Integer>)
2017-05-01 00:37:26.777  INFO 12321 --- [    Test worker] s.w.s.m.m.a.RequestMappingHandlerMapping : Mapped "{[/api/assessment/uploadfile{userid}],methods=[POST]}" onto public org.springframework.http.ResponseEntity<?> shrpas2.controllers.APIController.uploadFile(java.lang.String,org.springframework.web.multipart.MultipartFile)
2017-05-01 00:37:26.778  INFO 12321 --- [    Test worker] s.w.s.m.m.a.RequestMappingHandlerMapping : Mapped "{[/api/userprofile/{userid}],methods=[GET]}" onto public shrpas2.controllers.APIController$profileJson shrpas2.controllers.APIController.getprofile(java.lang.String) throws javax.servlet.ServletException
2017-05-01 00:37:26.779  INFO 12321 --- [    Test worker] s.w.s.m.m.a.RequestMappingHandlerMapping : Mapped "{[/api/assessment/quiz/{userid}],methods=[GET]}" onto public java.util.List<shrpas2.controllers.APIController$QuestionJson> shrpas2.controllers.APIController.getquiz(java.lang.String) throws javax.servlet.ServletException
2017-05-01 00:37:26.779  INFO 12321 --- [    Test worker] s.w.s.m.m.a.RequestMappingHandlerMapping : Mapped "{[/api/userprofile/{userid}],methods=[POST]}" onto public org.springframework.http.ResponseEntity<?> shrpas2.controllers.APIController.postprofile(java.lang.String,shrpas2.controllers.APIController$profileJson)
2017-05-01 00:37:26.780  INFO 12321 --- [    Test worker] s.w.s.m.m.a.RequestMappingHandlerMapping : Mapped "{[/api/userphoto/{userid}],methods=[POST]}" onto public java.lang.String shrpas2.controllers.APIController.uploadphoto(java.lang.String,org.springframework.web.multipart.MultipartFile)
2017-05-01 00:37:26.782  INFO 12321 --- [    Test worker] s.w.s.m.m.a.RequestMappingHandlerMapping : Mapped "{[/auth/login],methods=[POST]}" onto public shrpas2.controllers.HomeController$LoginResponse shrpas2.controllers.HomeController.login(shrpas2.controllers.HomeController$UserLogin) throws javax.servlet.ServletException
2017-05-01 00:37:26.786  INFO 12321 --- [    Test worker] s.w.s.m.m.a.RequestMappingHandlerMapping : Mapped "{[/error],produces=[text/html]}" onto public org.springframework.web.servlet.ModelAndView org.springframework.boot.autoconfigure.web.BasicErrorController.errorHtml(javax.servlet.http.HttpServletRequest,javax.servlet.http.HttpServletResponse)
2017-05-01 00:37:26.787  INFO 12321 --- [    Test worker] s.w.s.m.m.a.RequestMappingHandlerMapping : Mapped "{[/error]}" onto public org.springframework.http.ResponseEntity<java.util.Map<java.lang.String, java.lang.Object>> org.springframework.boot.autoconfigure.web.BasicErrorController.error(javax.servlet.http.HttpServletRequest)
2017-05-01 00:37:26.836  INFO 12321 --- [    Test worker] o.s.w.s.handler.SimpleUrlHandlerMapping  : Mapped URL path [/webjars/**] onto handler of type [class org.springframework.web.servlet.resource.ResourceHttpRequestHandler]
2017-05-01 00:37:26.836  INFO 12321 --- [    Test worker] o.s.w.s.handler.SimpleUrlHandlerMapping  : Mapped URL path [/**] onto handler of type [class org.springframework.web.servlet.resource.ResourceHttpRequestHandler]
2017-05-01 00:37:26.908  INFO 12321 --- [    Test worker] o.s.w.s.handler.SimpleUrlHandlerMapping  : Mapped URL path [/**/favicon.ico] onto handler of type [class org.springframework.web.servlet.resource.ResourceHttpRequestHandler]
2017-05-01 00:37:26.950  INFO 12321 --- [    Test worker] oConfiguration$WelcomePageHandlerMapping : Adding welcome page: class path resource [META-INF/resources/index.html]
2017-05-01 00:37:27.320  INFO 12321 --- [    Test worker] s.b.c.e.t.TomcatEmbeddedServletContainer : Tomcat started on port(s): 43857 (http)
2017-05-01 00:37:27.328  INFO 12321 --- [    Test worker] shrpas2.QuestionTest                     : Started QuestionTest in 52.504 seconds (JVM running for 55.224)
]]></system-out>
  <system-err><![CDATA[]]></system-err>
</testsuite>
