<?xml version="1.0" encoding="UTF-8"?>
<testsuite name="shrpas2.UserAssessmentRepoTest" tests="1" skipped="0" failures="0" errors="0" timestamp="2017-05-01T05:37:28" hostname="localhost.localdomain" time="0.061">
  <properties/>
  <testcase name="findAssessmentByUserid" classname="shrpas2.UserAssessmentRepoTest" time="0.061"/>
  <system-out><![CDATA[2017-05-01 00:37:28.497  INFO 12321 --- [    Test worker] .b.t.c.SpringBootTestContextBootstrapper : Neither @ContextConfiguration nor @ContextHierarchy found for test class [shrpas2.UserAssessmentRepoTest], using SpringBootContextLoader
2017-05-01 00:37:28.498  INFO 12321 --- [    Test worker] o.s.t.c.support.AbstractContextLoader    : Could not detect default resource locations for test class [shrpas2.UserAssessmentRepoTest]: no resource found for suffixes {-context.xml, Context.groovy}.
2017-05-01 00:37:28.498  INFO 12321 --- [    Test worker] t.c.s.AnnotationConfigContextLoaderUtils : Could not detect default configuration classes for test class [shrpas2.UserAssessmentRepoTest]: UserAssessmentRepoTest does not declare any static, non-private, non-final, nested classes annotated with @Configuration.
2017-05-01 00:37:28.502  INFO 12321 --- [    Test worker] .b.t.c.SpringBootTestContextBootstrapper : Found @SpringBootConfiguration shrpas2.Application for test class shrpas2.UserAssessmentRepoTest
2017-05-01 00:37:28.505  INFO 12321 --- [    Test worker] .b.t.c.SpringBootTestContextBootstrapper : Loaded default TestExecutionListener class names from location [META-INF/spring.factories]: [org.springframework.boot.test.mock.mockito.MockitoTestExecutionListener, org.springframework.boot.test.mock.mockito.ResetMocksTestExecutionListener, org.springframework.boot.test.autoconfigure.restdocs.RestDocsTestExecutionListener, org.springframework.boot.test.autoconfigure.web.client.MockRestServiceServerResetTestExecutionListener, org.springframework.boot.test.autoconfigure.web.servlet.MockMvcPrintOnlyOnFailureTestExecutionListener, org.springframework.boot.test.autoconfigure.web.servlet.WebDriverTestExecutionListener, org.springframework.test.context.web.ServletTestExecutionListener, org.springframework.test.context.support.DirtiesContextBeforeModesTestExecutionListener, org.springframework.test.context.support.DependencyInjectionTestExecutionListener, org.springframework.test.context.support.DirtiesContextTestExecutionListener, org.springframework.test.context.transaction.TransactionalTestExecutionListener, org.springframework.test.context.jdbc.SqlScriptsTestExecutionListener]
2017-05-01 00:37:28.508  INFO 12321 --- [    Test worker] .b.t.c.SpringBootTestContextBootstrapper : Using TestExecutionListeners: [org.springframework.test.context.web.ServletTestExecutionListener@347b2926, org.springframework.test.context.support.DirtiesContextBeforeModesTestExecutionListener@6a02b165, org.springframework.boot.test.autoconfigure.SpringBootDependencyInjectionTestExecutionListener@7288d9b3, org.springframework.test.context.support.DirtiesContextTestExecutionListener@20426ae, org.springframework.test.context.transaction.TransactionalTestExecutionListener@6fdb0dd1, org.springframework.test.context.jdbc.SqlScriptsTestExecutionListener@10ad00d6, org.springframework.boot.test.autoconfigure.web.servlet.MockMvcPrintOnlyOnFailureTestExecutionListener@24dc0631, org.springframework.boot.test.mock.mockito.ResetMocksTestExecutionListener@7ce6552, org.springframework.boot.test.autoconfigure.restdocs.RestDocsTestExecutionListener@304c55ff, org.springframework.boot.test.autoconfigure.web.client.MockRestServiceServerResetTestExecutionListener@489f4890, org.springframework.boot.test.mock.mockito.MockitoTestExecutionListener@cb6223c, org.springframework.boot.test.autoconfigure.web.servlet.WebDriverTestExecutionListener@7826220d]
Hibernate: select userassess0_.userid as userid1_2_, userassess0_.assessmentid as assessme2_2_, userassess0_.finished as finished3_2_, userassess0_.score as score4_2_ from userassessment userassess0_ where userassess0_.userid=?
]]></system-out>
  <system-err><![CDATA[]]></system-err>
</testsuite>
