<?xml version="1.0" encoding="UTF-8"?>
<testsuite name="shrpas2.ApplicationTest" tests="1" skipped="0" failures="0" errors="0" timestamp="2017-05-01T05:37:27" hostname="localhost.localdomain" time="0.267">
  <properties/>
  <testcase name="HomePageTest" classname="shrpas2.ApplicationTest" time="0.267"/>
  <system-out><![CDATA[2017-05-01 00:37:27.511  INFO 12321 --- [    Test worker] .b.t.c.SpringBootTestContextBootstrapper : Neither @ContextConfiguration nor @ContextHierarchy found for test class [shrpas2.ApplicationTest], using SpringBootContextLoader
2017-05-01 00:37:27.512  INFO 12321 --- [    Test worker] o.s.t.c.support.AbstractContextLoader    : Could not detect default resource locations for test class [shrpas2.ApplicationTest]: no resource found for suffixes {-context.xml, Context.groovy}.
2017-05-01 00:37:27.513  INFO 12321 --- [    Test worker] t.c.s.AnnotationConfigContextLoaderUtils : Could not detect default configuration classes for test class [shrpas2.ApplicationTest]: ApplicationTest does not declare any static, non-private, non-final, nested classes annotated with @Configuration.
2017-05-01 00:37:27.518  INFO 12321 --- [    Test worker] .b.t.c.SpringBootTestContextBootstrapper : Found @SpringBootConfiguration shrpas2.Application for test class shrpas2.ApplicationTest
2017-05-01 00:37:27.522  INFO 12321 --- [    Test worker] .b.t.c.SpringBootTestContextBootstrapper : Loaded default TestExecutionListener class names from location [META-INF/spring.factories]: [org.springframework.boot.test.mock.mockito.MockitoTestExecutionListener, org.springframework.boot.test.mock.mockito.ResetMocksTestExecutionListener, org.springframework.boot.test.autoconfigure.restdocs.RestDocsTestExecutionListener, org.springframework.boot.test.autoconfigure.web.client.MockRestServiceServerResetTestExecutionListener, org.springframework.boot.test.autoconfigure.web.servlet.MockMvcPrintOnlyOnFailureTestExecutionListener, org.springframework.boot.test.autoconfigure.web.servlet.WebDriverTestExecutionListener, org.springframework.test.context.web.ServletTestExecutionListener, org.springframework.test.context.support.DirtiesContextBeforeModesTestExecutionListener, org.springframework.test.context.support.DependencyInjectionTestExecutionListener, org.springframework.test.context.support.DirtiesContextTestExecutionListener, org.springframework.test.context.transaction.TransactionalTestExecutionListener, org.springframework.test.context.jdbc.SqlScriptsTestExecutionListener]
2017-05-01 00:37:27.525  INFO 12321 --- [    Test worker] .b.t.c.SpringBootTestContextBootstrapper : Using TestExecutionListeners: [org.springframework.test.context.web.ServletTestExecutionListener@4d958026, org.springframework.test.context.support.DirtiesContextBeforeModesTestExecutionListener@43da007d, org.springframework.boot.test.autoconfigure.SpringBootDependencyInjectionTestExecutionListener@6c1fa3f6, org.springframework.test.context.support.DirtiesContextTestExecutionListener@3fd2c3ba, org.springframework.test.context.transaction.TransactionalTestExecutionListener@5e27f0d6, org.springframework.test.context.jdbc.SqlScriptsTestExecutionListener@4d6dda87, org.springframework.boot.test.autoconfigure.web.servlet.MockMvcPrintOnlyOnFailureTestExecutionListener@5c7cc0cf, org.springframework.boot.test.mock.mockito.ResetMocksTestExecutionListener@759a17e9, org.springframework.boot.test.autoconfigure.restdocs.RestDocsTestExecutionListener@14daf8cc, org.springframework.boot.test.autoconfigure.web.client.MockRestServiceServerResetTestExecutionListener@3740b132, org.springframework.boot.test.mock.mockito.MockitoTestExecutionListener@d8065ad, org.springframework.boot.test.autoconfigure.web.servlet.WebDriverTestExecutionListener@28001eab]
2017-05-01 00:37:27.691  INFO 12321 --- [o-auto-1-exec-1] o.a.c.c.C.[Tomcat].[localhost].[/]       : Initializing Spring FrameworkServlet 'dispatcherServlet'
2017-05-01 00:37:27.691  INFO 12321 --- [o-auto-1-exec-1] o.s.web.servlet.DispatcherServlet        : FrameworkServlet 'dispatcherServlet': initialization started
2017-05-01 00:37:27.714  INFO 12321 --- [o-auto-1-exec-1] o.s.web.servlet.DispatcherServlet        : FrameworkServlet 'dispatcherServlet': initialization completed in 23 ms
]]></system-out>
  <system-err><![CDATA[]]></system-err>
</testsuite>
