<?xml version="1.0" encoding="UTF-8"?>
<testsuite name="shrpas2.QuestionRepoTest" tests="1" skipped="0" failures="0" errors="0" timestamp="2017-05-01T05:37:27" hostname="localhost.localdomain" time="0.673">
  <properties/>
  <testcase name="findQuestionsByAssessmentID" classname="shrpas2.QuestionRepoTest" time="0.673"/>
  <system-out><![CDATA[2017-05-01 00:37:27.798  INFO 12321 --- [    Test worker] .b.t.c.SpringBootTestContextBootstrapper : Neither @ContextConfiguration nor @ContextHierarchy found for test class [shrpas2.QuestionRepoTest], using SpringBootContextLoader
2017-05-01 00:37:27.799  INFO 12321 --- [    Test worker] o.s.t.c.support.AbstractContextLoader    : Could not detect default resource locations for test class [shrpas2.QuestionRepoTest]: no resource found for suffixes {-context.xml, Context.groovy}.
2017-05-01 00:37:27.800  INFO 12321 --- [    Test worker] t.c.s.AnnotationConfigContextLoaderUtils : Could not detect default configuration classes for test class [shrpas2.QuestionRepoTest]: QuestionRepoTest does not declare any static, non-private, non-final, nested classes annotated with @Configuration.
2017-05-01 00:37:27.807  INFO 12321 --- [    Test worker] .b.t.c.SpringBootTestContextBootstrapper : Found @SpringBootConfiguration shrpas2.Application for test class shrpas2.QuestionRepoTest
2017-05-01 00:37:27.811  INFO 12321 --- [    Test worker] .b.t.c.SpringBootTestContextBootstrapper : Loaded default TestExecutionListener class names from location [META-INF/spring.factories]: [org.springframework.boot.test.mock.mockito.MockitoTestExecutionListener, org.springframework.boot.test.mock.mockito.ResetMocksTestExecutionListener, org.springframework.boot.test.autoconfigure.restdocs.RestDocsTestExecutionListener, org.springframework.boot.test.autoconfigure.web.client.MockRestServiceServerResetTestExecutionListener, org.springframework.boot.test.autoconfigure.web.servlet.MockMvcPrintOnlyOnFailureTestExecutionListener, org.springframework.boot.test.autoconfigure.web.servlet.WebDriverTestExecutionListener, org.springframework.test.context.web.ServletTestExecutionListener, org.springframework.test.context.support.DirtiesContextBeforeModesTestExecutionListener, org.springframework.test.context.support.DependencyInjectionTestExecutionListener, org.springframework.test.context.support.DirtiesContextTestExecutionListener, org.springframework.test.context.transaction.TransactionalTestExecutionListener, org.springframework.test.context.jdbc.SqlScriptsTestExecutionListener]
2017-05-01 00:37:27.815  INFO 12321 --- [    Test worker] .b.t.c.SpringBootTestContextBootstrapper : Using TestExecutionListeners: [org.springframework.test.context.web.ServletTestExecutionListener@65465263, org.springframework.test.context.support.DirtiesContextBeforeModesTestExecutionListener@60b1aa92, org.springframework.boot.test.autoconfigure.SpringBootDependencyInjectionTestExecutionListener@479b93f4, org.springframework.test.context.support.DirtiesContextTestExecutionListener@2b932a53, org.springframework.test.context.transaction.TransactionalTestExecutionListener@7c91b008, org.springframework.test.context.jdbc.SqlScriptsTestExecutionListener@11197032, org.springframework.boot.test.autoconfigure.web.servlet.MockMvcPrintOnlyOnFailureTestExecutionListener@a8655d6, org.springframework.boot.test.mock.mockito.ResetMocksTestExecutionListener@38f52767, org.springframework.boot.test.autoconfigure.restdocs.RestDocsTestExecutionListener@4995d181, org.springframework.boot.test.autoconfigure.web.client.MockRestServiceServerResetTestExecutionListener@1357b061, org.springframework.boot.test.mock.mockito.MockitoTestExecutionListener@2b476f38, org.springframework.boot.test.autoconfigure.web.servlet.WebDriverTestExecutionListener@3a98ab28]
2017-05-01 00:37:27.865  INFO 12321 --- [    Test worker] o.h.h.i.QueryTranslatorFactoryInitiator  : HHH000397: Using ASTQueryTranslatorFactory
Hibernate: select questions0_.questionid as question1_0_, questions0_.assessmentid as assessme2_0_, questions0_.correctanswer as correcta3_0_, questions0_.hint as hint4_0_, questions0_.option1 as option5_0_, questions0_.option2 as option6_0_, questions0_.option3 as option7_0_, questions0_.option4 as option8_0_, questions0_.question as question9_0_ from questions questions0_ where questions0_.assessmentid=?
]]></system-out>
  <system-err><![CDATA[]]></system-err>
</testsuite>
