<?xml version="1.0" encoding="UTF-8"?>
<testsuite name="shrpas2.models.UserAssessmentTest" tests="4" skipped="0" failures="0" errors="0" timestamp="2017-05-01T05:38:07" hostname="localhost.localdomain" time="0.034">
  <properties/>
  <testcase name="getUserAssessmentId" classname="shrpas2.models.UserAssessmentTest" time="0.009"/>
  <testcase name="getUserId" classname="shrpas2.models.UserAssessmentTest" time="0.01"/>
  <testcase name="getFinished" classname="shrpas2.models.UserAssessmentTest" time="0.009"/>
  <testcase name="getScore" classname="shrpas2.models.UserAssessmentTest" time="0.002"/>
  <system-out><![CDATA[2017-05-01 00:38:07.853  INFO 12321 --- [    Test worker] .b.t.c.SpringBootTestContextBootstrapper : Neither @ContextConfiguration nor @ContextHierarchy found for test class [shrpas2.models.UserAssessmentTest], using SpringBootContextLoader
2017-05-01 00:38:07.854  INFO 12321 --- [    Test worker] o.s.t.c.support.AbstractContextLoader    : Could not detect default resource locations for test class [shrpas2.models.UserAssessmentTest]: no resource found for suffixes {-context.xml, Context.groovy}.
2017-05-01 00:38:07.855  INFO 12321 --- [    Test worker] t.c.s.AnnotationConfigContextLoaderUtils : Could not detect default configuration classes for test class [shrpas2.models.UserAssessmentTest]: UserAssessmentTest does not declare any static, non-private, non-final, nested classes annotated with @Configuration.
2017-05-01 00:38:07.858  INFO 12321 --- [    Test worker] .b.t.c.SpringBootTestContextBootstrapper : Found @SpringBootConfiguration shrpas2.Application for test class shrpas2.models.UserAssessmentTest
2017-05-01 00:38:07.862  INFO 12321 --- [    Test worker] .b.t.c.SpringBootTestContextBootstrapper : Loaded default TestExecutionListener class names from location [META-INF/spring.factories]: [org.springframework.boot.test.mock.mockito.MockitoTestExecutionListener, org.springframework.boot.test.mock.mockito.ResetMocksTestExecutionListener, org.springframework.boot.test.autoconfigure.restdocs.RestDocsTestExecutionListener, org.springframework.boot.test.autoconfigure.web.client.MockRestServiceServerResetTestExecutionListener, org.springframework.boot.test.autoconfigure.web.servlet.MockMvcPrintOnlyOnFailureTestExecutionListener, org.springframework.boot.test.autoconfigure.web.servlet.WebDriverTestExecutionListener, org.springframework.test.context.web.ServletTestExecutionListener, org.springframework.test.context.support.DirtiesContextBeforeModesTestExecutionListener, org.springframework.test.context.support.DependencyInjectionTestExecutionListener, org.springframework.test.context.support.DirtiesContextTestExecutionListener, org.springframework.test.context.transaction.TransactionalTestExecutionListener, org.springframework.test.context.jdbc.SqlScriptsTestExecutionListener]
2017-05-01 00:38:07.865  INFO 12321 --- [    Test worker] .b.t.c.SpringBootTestContextBootstrapper : Using TestExecutionListeners: [org.springframework.test.context.web.ServletTestExecutionListener@3749a60c, org.springframework.test.context.support.DirtiesContextBeforeModesTestExecutionListener@6d477f3b, org.springframework.boot.test.autoconfigure.SpringBootDependencyInjectionTestExecutionListener@2030ad22, org.springframework.test.context.support.DirtiesContextTestExecutionListener@2be99a39, org.springframework.test.context.transaction.TransactionalTestExecutionListener@51ea208e, org.springframework.test.context.jdbc.SqlScriptsTestExecutionListener@702332f, org.springframework.boot.test.autoconfigure.web.servlet.MockMvcPrintOnlyOnFailureTestExecutionListener@22fed750, org.springframework.boot.test.mock.mockito.ResetMocksTestExecutionListener@45a1a964, org.springframework.boot.test.autoconfigure.restdocs.RestDocsTestExecutionListener@454f0f0e, org.springframework.boot.test.autoconfigure.web.client.MockRestServiceServerResetTestExecutionListener@53c2c7c3, org.springframework.boot.test.mock.mockito.MockitoTestExecutionListener@7d2cebc, org.springframework.boot.test.autoconfigure.web.servlet.WebDriverTestExecutionListener@4ff0bdab]
]]></system-out>
  <system-err><![CDATA[]]></system-err>
</testsuite>
