<?xml version="1.0" encoding="UTF-8"?>
<testsuite name="shrpas2.UserRepoTest" tests="1" skipped="0" failures="0" errors="0" timestamp="2017-05-01T05:38:07" hostname="localhost.localdomain" time="0.522">
  <properties/>
  <testcase name="findUserByEmail" classname="shrpas2.UserRepoTest" time="0.522"/>
  <system-out><![CDATA[2017-05-01 00:38:07.910  INFO 12321 --- [    Test worker] .b.t.c.SpringBootTestContextBootstrapper : Neither @ContextConfiguration nor @ContextHierarchy found for test class [shrpas2.UserRepoTest], using SpringBootContextLoader
2017-05-01 00:38:07.910  INFO 12321 --- [    Test worker] o.s.t.c.support.AbstractContextLoader    : Could not detect default resource locations for test class [shrpas2.UserRepoTest]: no resource found for suffixes {-context.xml, Context.groovy}.
2017-05-01 00:38:07.911  INFO 12321 --- [    Test worker] t.c.s.AnnotationConfigContextLoaderUtils : Could not detect default configuration classes for test class [shrpas2.UserRepoTest]: UserRepoTest does not declare any static, non-private, non-final, nested classes annotated with @Configuration.
2017-05-01 00:38:07.913  INFO 12321 --- [    Test worker] .b.t.c.SpringBootTestContextBootstrapper : Found @SpringBootConfiguration shrpas2.Application for test class shrpas2.UserRepoTest
2017-05-01 00:38:07.915  INFO 12321 --- [    Test worker] .b.t.c.SpringBootTestContextBootstrapper : Loaded default TestExecutionListener class names from location [META-INF/spring.factories]: [org.springframework.boot.test.mock.mockito.MockitoTestExecutionListener, org.springframework.boot.test.mock.mockito.ResetMocksTestExecutionListener, org.springframework.boot.test.autoconfigure.restdocs.RestDocsTestExecutionListener, org.springframework.boot.test.autoconfigure.web.client.MockRestServiceServerResetTestExecutionListener, org.springframework.boot.test.autoconfigure.web.servlet.MockMvcPrintOnlyOnFailureTestExecutionListener, org.springframework.boot.test.autoconfigure.web.servlet.WebDriverTestExecutionListener, org.springframework.test.context.web.ServletTestExecutionListener, org.springframework.test.context.support.DirtiesContextBeforeModesTestExecutionListener, org.springframework.test.context.support.DependencyInjectionTestExecutionListener, org.springframework.test.context.support.DirtiesContextTestExecutionListener, org.springframework.test.context.transaction.TransactionalTestExecutionListener, org.springframework.test.context.jdbc.SqlScriptsTestExecutionListener]
2017-05-01 00:38:07.917  INFO 12321 --- [    Test worker] .b.t.c.SpringBootTestContextBootstrapper : Using TestExecutionListeners: [org.springframework.test.context.web.ServletTestExecutionListener@517c6bef, org.springframework.test.context.support.DirtiesContextBeforeModesTestExecutionListener@5c6f8f1, org.springframework.boot.test.autoconfigure.SpringBootDependencyInjectionTestExecutionListener@7aede961, org.springframework.test.context.support.DirtiesContextTestExecutionListener@7b7e075a, org.springframework.test.context.transaction.TransactionalTestExecutionListener@49ef28c9, org.springframework.test.context.jdbc.SqlScriptsTestExecutionListener@7b5c5075, org.springframework.boot.test.autoconfigure.web.servlet.MockMvcPrintOnlyOnFailureTestExecutionListener@6eef089e, org.springframework.boot.test.mock.mockito.ResetMocksTestExecutionListener@65a086ce, org.springframework.boot.test.autoconfigure.restdocs.RestDocsTestExecutionListener@553953d3, org.springframework.boot.test.autoconfigure.web.client.MockRestServiceServerResetTestExecutionListener@4cff6ef9, org.springframework.boot.test.mock.mockito.MockitoTestExecutionListener@5ac22400, org.springframework.boot.test.autoconfigure.web.servlet.WebDriverTestExecutionListener@3bb54f60]
Hibernate: select user0_.userid as userid1_1_, user0_.useraddress as useraddr2_1_, user0_.useremail as useremai3_1_, user0_.userhomepage as userhome4_1_, user0_.username as username5_1_, user0_.userpass as userpass6_1_, user0_.userphone as userphon7_1_, user0_.userphotopath as userphot8_1_ from user user0_ where user0_.useremail=?
]]></system-out>
  <system-err><![CDATA[]]></system-err>
</testsuite>
