<?xml version="1.0" encoding="UTF-8"?>
<testsuite name="shrpas2.HomeControllerTest" tests="2" skipped="0" failures="0" errors="0" timestamp="2017-05-01T05:38:04" hostname="localhost.localdomain" time="3.182">
  <properties/>
  <testcase name="LoginTest" classname="shrpas2.HomeControllerTest" time="2.141"/>
  <testcase name="LoginFailedTest" classname="shrpas2.HomeControllerTest" time="1.039"/>
  <system-out><![CDATA[2017-05-01 00:37:28.576  INFO 12321 --- [    Test worker] .b.t.c.SpringBootTestContextBootstrapper : Neither @ContextConfiguration nor @ContextHierarchy found for test class [shrpas2.HomeControllerTest], using SpringBootContextLoader
2017-05-01 00:37:28.578  INFO 12321 --- [    Test worker] o.s.t.c.support.AbstractContextLoader    : Could not detect default resource locations for test class [shrpas2.HomeControllerTest]: no resource found for suffixes {-context.xml, Context.groovy}.
2017-05-01 00:37:28.585  INFO 12321 --- [    Test worker] .b.t.c.SpringBootTestContextBootstrapper : Loaded default TestExecutionListener class names from location [META-INF/spring.factories]: [org.springframework.boot.test.mock.mockito.MockitoTestExecutionListener, org.springframework.boot.test.mock.mockito.ResetMocksTestExecutionListener, org.springframework.boot.test.autoconfigure.restdocs.RestDocsTestExecutionListener, org.springframework.boot.test.autoconfigure.web.client.MockRestServiceServerResetTestExecutionListener, org.springframework.boot.test.autoconfigure.web.servlet.MockMvcPrintOnlyOnFailureTestExecutionListener, org.springframework.boot.test.autoconfigure.web.servlet.WebDriverTestExecutionListener, org.springframework.test.context.web.ServletTestExecutionListener, org.springframework.test.context.support.DirtiesContextBeforeModesTestExecutionListener, org.springframework.test.context.support.DependencyInjectionTestExecutionListener, org.springframework.test.context.support.DirtiesContextTestExecutionListener, org.springframework.test.context.transaction.TransactionalTestExecutionListener, org.springframework.test.context.jdbc.SqlScriptsTestExecutionListener]
2017-05-01 00:37:28.588  INFO 12321 --- [    Test worker] .b.t.c.SpringBootTestContextBootstrapper : Using TestExecutionListeners: [org.springframework.test.context.web.ServletTestExecutionListener@516f6991, org.springframework.test.context.support.DirtiesContextBeforeModesTestExecutionListener@31ce87c1, org.springframework.boot.test.autoconfigure.SpringBootDependencyInjectionTestExecutionListener@60f1416, org.springframework.test.context.support.DirtiesContextTestExecutionListener@5efd0e09, org.springframework.test.context.transaction.TransactionalTestExecutionListener@7474c7a6, org.springframework.test.context.jdbc.SqlScriptsTestExecutionListener@3141a666, org.springframework.boot.test.autoconfigure.web.servlet.MockMvcPrintOnlyOnFailureTestExecutionListener@4f90abfc, org.springframework.boot.test.mock.mockito.ResetMocksTestExecutionListener@79ab6941, org.springframework.boot.test.autoconfigure.restdocs.RestDocsTestExecutionListener@2bb0c825, org.springframework.boot.test.autoconfigure.web.client.MockRestServiceServerResetTestExecutionListener@17fe39a3, org.springframework.boot.test.mock.mockito.MockitoTestExecutionListener@5dfbafeb, org.springframework.boot.test.autoconfigure.web.servlet.WebDriverTestExecutionListener@7fb82474]

  .   ____          _            __ _ _
 /\\ / ___'_ __ _ _(_)_ __  __ _ \ \ \ \
( ( )\___ | '_ | '_| | '_ \/ _` | \ \ \ \
 \\/  ___)| |_)| | | | | || (_| |  ) ) ) )
  '  |____| .__|_| |_|_| |_\__, | / / / /
 =========|_|==============|___/=/_/_/_/
 :: Spring Boot ::        (v1.5.0.RELEASE)

2017-05-01 00:37:28.786  INFO 12321 --- [    Test worker] shrpas2.HomeControllerTest               : Starting HomeControllerTest on localhost.localdomain with PID 12321 (started by rabbit in /home/rabbit/Media/UH/COSC4354/ne/sdp3/code/app/backend)
2017-05-01 00:37:28.790  INFO 12321 --- [    Test worker] shrpas2.HomeControllerTest               : No active profile set, falling back to default profiles: default
2017-05-01 00:37:28.797  INFO 12321 --- [    Test worker] ationConfigEmbeddedWebApplicationContext : Refreshing org.springframework.boot.context.embedded.AnnotationConfigEmbeddedWebApplicationContext@53a91020: startup date [Mon May 01 00:37:28 CDT 2017]; root of context hierarchy
2017-05-01 00:37:29.301  INFO 12321 --- [    Test worker] trationDelegate$BeanPostProcessorChecker : Bean 'org.springframework.boot.autoconfigure.validation.ValidationAutoConfiguration' of type [class org.springframework.boot.autoconfigure.validation.ValidationAutoConfiguration] is not eligible for getting processed by all BeanPostProcessors (for example: not eligible for auto-proxying)
2017-05-01 00:37:29.326  INFO 12321 --- [    Test worker] trationDelegate$BeanPostProcessorChecker : Bean 'validator' of type [class org.springframework.validation.beanvalidation.LocalValidatorFactoryBean] is not eligible for getting processed by all BeanPostProcessors (for example: not eligible for auto-proxying)
2017-05-01 00:37:29.350  INFO 12321 --- [    Test worker] trationDelegate$BeanPostProcessorChecker : Bean 'org.springframework.transaction.annotation.ProxyTransactionManagementConfiguration' of type [class org.springframework.transaction.annotation.ProxyTransactionManagementConfiguration$$EnhancerBySpringCGLIB$$e9e34a57] is not eligible for getting processed by all BeanPostProcessors (for example: not eligible for auto-proxying)
2017-05-01 00:37:29.600  INFO 12321 --- [    Test worker] s.b.c.e.t.TomcatEmbeddedServletContainer : Tomcat initialized with port(s): 0 (http)
2017-05-01 00:37:29.602  INFO 12321 --- [    Test worker] o.apache.catalina.core.StandardService   : Starting service Tomcat
2017-05-01 00:37:29.603  INFO 12321 --- [    Test worker] org.apache.catalina.core.StandardEngine  : Starting Servlet Engine: Apache Tomcat/8.5.11
2017-05-01 00:37:29.609  INFO 12321 --- [ost-startStop-1] o.a.c.c.C.[Tomcat-1].[localhost].[/]     : Initializing Spring embedded WebApplicationContext
2017-05-01 00:37:29.610  INFO 12321 --- [ost-startStop-1] o.s.web.context.ContextLoader            : Root WebApplicationContext: initialization completed in 813 ms
2017-05-01 00:37:29.763  INFO 12321 --- [ost-startStop-1] o.s.b.w.servlet.FilterRegistrationBean   : Mapping filter: 'characterEncodingFilter' to: [/*]
2017-05-01 00:37:29.764  INFO 12321 --- [ost-startStop-1] o.s.b.w.servlet.FilterRegistrationBean   : Mapping filter: 'hiddenHttpMethodFilter' to: [/*]
2017-05-01 00:37:29.765  INFO 12321 --- [ost-startStop-1] o.s.b.w.servlet.FilterRegistrationBean   : Mapping filter: 'httpPutFormContentFilter' to: [/*]
2017-05-01 00:37:29.765  INFO 12321 --- [ost-startStop-1] o.s.b.w.servlet.FilterRegistrationBean   : Mapping filter: 'requestContextFilter' to: [/*]
2017-05-01 00:37:29.766  INFO 12321 --- [ost-startStop-1] o.s.b.w.servlet.FilterRegistrationBean   : Mapping filter: 'jwtFilter' to urls: [/api/*]
2017-05-01 00:37:29.766  INFO 12321 --- [ost-startStop-1] o.s.b.w.servlet.ServletRegistrationBean  : Mapping servlet: 'dispatcherServlet' to [/]
2017-05-01 00:37:49.887  INFO 12321 --- [    Test worker] j.LocalContainerEntityManagerFactoryBean : Building JPA container EntityManagerFactory for persistence unit 'default'
2017-05-01 00:37:49.887  INFO 12321 --- [    Test worker] o.hibernate.jpa.internal.util.LogHelper  : HHH000204: Processing PersistenceUnitInfo [
	name: default
	...]
2017-05-01 00:37:49.896  INFO 12321 --- [    Test worker] org.hibernate.dialect.Dialect            : HHH000400: Using dialect: org.hibernate.dialect.MySQL5InnoDBDialect
2017-05-01 00:37:49.960  INFO 12321 --- [    Test worker] org.hibernate.tool.hbm2ddl.SchemaUpdate  : HHH000228: Running hbm2ddl schema update
2017-05-01 00:38:03.789  WARN 12321 --- [    Test worker] o.h.j.i.EntityManagerFactoryRegistry     : HHH000436: Entity manager factory name (default) is already registered.  If entity manager will be clustered or passivated, specify a unique value for property 'hibernate.ejb.entitymanager_factory_name'
2017-05-01 00:38:03.789  INFO 12321 --- [    Test worker] j.LocalContainerEntityManagerFactoryBean : Initialized JPA EntityManagerFactory for persistence unit 'default'
2017-05-01 00:38:04.115  INFO 12321 --- [    Test worker] s.w.s.m.m.a.RequestMappingHandlerAdapter : Looking for @ControllerAdvice: org.springframework.boot.context.embedded.AnnotationConfigEmbeddedWebApplicationContext@53a91020: startup date [Mon May 01 00:37:28 CDT 2017]; root of context hierarchy
2017-05-01 00:38:04.142  INFO 12321 --- [    Test worker] s.w.s.m.m.a.RequestMappingHandlerMapping : Mapped "{[/api/assessment/quiz/{userid}],methods=[POST]}" onto public java.lang.String shrpas2.controllers.APIController.postAnswers(java.lang.String,java.util.List<java.lang.Integer>)
2017-05-01 00:38:04.142  INFO 12321 --- [    Test worker] s.w.s.m.m.a.RequestMappingHandlerMapping : Mapped "{[/api/assessment/uploadfile{userid}],methods=[POST]}" onto public org.springframework.http.ResponseEntity<?> shrpas2.controllers.APIController.uploadFile(java.lang.String,org.springframework.web.multipart.MultipartFile)
2017-05-01 00:38:04.143  INFO 12321 --- [    Test worker] s.w.s.m.m.a.RequestMappingHandlerMapping : Mapped "{[/api/userprofile/{userid}],methods=[GET]}" onto public shrpas2.controllers.APIController$profileJson shrpas2.controllers.APIController.getprofile(java.lang.String) throws javax.servlet.ServletException
2017-05-01 00:38:04.143  INFO 12321 --- [    Test worker] s.w.s.m.m.a.RequestMappingHandlerMapping : Mapped "{[/api/assessment/quiz/{userid}],methods=[GET]}" onto public java.util.List<shrpas2.controllers.APIController$QuestionJson> shrpas2.controllers.APIController.getquiz(java.lang.String) throws javax.servlet.ServletException
2017-05-01 00:38:04.144  INFO 12321 --- [    Test worker] s.w.s.m.m.a.RequestMappingHandlerMapping : Mapped "{[/api/userprofile/{userid}],methods=[POST]}" onto public org.springframework.http.ResponseEntity<?> shrpas2.controllers.APIController.postprofile(java.lang.String,shrpas2.controllers.APIController$profileJson)
2017-05-01 00:38:04.144  INFO 12321 --- [    Test worker] s.w.s.m.m.a.RequestMappingHandlerMapping : Mapped "{[/api/userphoto/{userid}],methods=[POST]}" onto public java.lang.String shrpas2.controllers.APIController.uploadphoto(java.lang.String,org.springframework.web.multipart.MultipartFile)
2017-05-01 00:38:04.149  INFO 12321 --- [    Test worker] s.w.s.m.m.a.RequestMappingHandlerMapping : Mapped "{[/auth/login],methods=[POST]}" onto public shrpas2.controllers.HomeController$LoginResponse shrpas2.controllers.HomeController.login(shrpas2.controllers.HomeController$UserLogin) throws javax.servlet.ServletException
2017-05-01 00:38:04.152  INFO 12321 --- [    Test worker] s.w.s.m.m.a.RequestMappingHandlerMapping : Mapped "{[/error],produces=[text/html]}" onto public org.springframework.web.servlet.ModelAndView org.springframework.boot.autoconfigure.web.BasicErrorController.errorHtml(javax.servlet.http.HttpServletRequest,javax.servlet.http.HttpServletResponse)
2017-05-01 00:38:04.153  INFO 12321 --- [    Test worker] s.w.s.m.m.a.RequestMappingHandlerMapping : Mapped "{[/error]}" onto public org.springframework.http.ResponseEntity<java.util.Map<java.lang.String, java.lang.Object>> org.springframework.boot.autoconfigure.web.BasicErrorController.error(javax.servlet.http.HttpServletRequest)
2017-05-01 00:38:04.192  INFO 12321 --- [    Test worker] o.s.w.s.handler.SimpleUrlHandlerMapping  : Mapped URL path [/webjars/**] onto handler of type [class org.springframework.web.servlet.resource.ResourceHttpRequestHandler]
2017-05-01 00:38:04.193  INFO 12321 --- [    Test worker] o.s.w.s.handler.SimpleUrlHandlerMapping  : Mapped URL path [/**] onto handler of type [class org.springframework.web.servlet.resource.ResourceHttpRequestHandler]
2017-05-01 00:38:04.236  INFO 12321 --- [    Test worker] o.s.w.s.handler.SimpleUrlHandlerMapping  : Mapped URL path [/**/favicon.ico] onto handler of type [class org.springframework.web.servlet.resource.ResourceHttpRequestHandler]
2017-05-01 00:38:04.258  INFO 12321 --- [    Test worker] oConfiguration$WelcomePageHandlerMapping : Adding welcome page: class path resource [META-INF/resources/index.html]
2017-05-01 00:38:04.520  INFO 12321 --- [    Test worker] s.b.c.e.t.TomcatEmbeddedServletContainer : Tomcat started on port(s): 44425 (http)
2017-05-01 00:38:04.522  INFO 12321 --- [    Test worker] shrpas2.HomeControllerTest               : Started HomeControllerTest in 35.926 seconds (JVM running for 92.419)
2017-05-01 00:38:04.705  INFO 12321 --- [o-auto-2-exec-1] o.a.c.c.C.[Tomcat-1].[localhost].[/]     : Initializing Spring FrameworkServlet 'dispatcherServlet'
2017-05-01 00:38:04.705  INFO 12321 --- [o-auto-2-exec-1] o.s.web.servlet.DispatcherServlet        : FrameworkServlet 'dispatcherServlet': initialization started
2017-05-01 00:38:04.722  INFO 12321 --- [o-auto-2-exec-1] o.s.web.servlet.DispatcherServlet        : FrameworkServlet 'dispatcherServlet': initialization completed in 17 ms
2017-05-01 00:38:05.178  INFO 12321 --- [o-auto-2-exec-1] o.h.h.i.QueryTranslatorFactoryInitiator  : HHH000397: Using ASTQueryTranslatorFactory
Hibernate: select user0_.userid as userid1_1_, user0_.useraddress as useraddr2_1_, user0_.useremail as useremai3_1_, user0_.userhomepage as userhome4_1_, user0_.username as username5_1_, user0_.userpass as userpass6_1_, user0_.userphone as userphon7_1_, user0_.userphotopath as userphot8_1_ from user user0_ where user0_.useremail=?
Hibernate: select userassess0_.userid as userid1_2_, userassess0_.assessmentid as assessme2_2_, userassess0_.finished as finished3_2_, userassess0_.score as score4_2_ from userassessment userassess0_ where userassess0_.userid=?
Hibernate: select user0_.userid as userid1_1_, user0_.useraddress as useraddr2_1_, user0_.useremail as useremai3_1_, user0_.userhomepage as userhome4_1_, user0_.username as username5_1_, user0_.userpass as userpass6_1_, user0_.userphone as userphon7_1_, user0_.userphotopath as userphot8_1_ from user user0_ where user0_.useremail=?
]]></system-out>
  <system-err><![CDATA[]]></system-err>
</testsuite>
